Execution of Job Resulted in the Following Lines of Output:


C:\Users\eckert.105a\chemkin\PennStatePropane>REM Chemkin-Generated Batch Job Command File 

C:\Users\eckert.105a\chemkin\PennStatePropane>REM get the Chemkin runtime environment defined 

C:\Users\eckert.105a\chemkin\PennStatePropane>CALL "C:\Program Files (x86)\Reaction\chemkin15083_pc\bin\run_chemkin_env_setup.bat" 

C:\Users\eckert.105a\chemkin\PennStatePropane>set REACTION_DIR=C:\Program Files (x86)\Reaction 

C:\Users\eckert.105a\chemkin\PennStatePropane>set CHEMKIN_VERS=15083 

C:\Users\eckert.105a\chemkin\PennStatePropane>set CHEMKIN_BIN=C:\Program Files (x86)\Reaction\chemkin15083_pc\bin 

C:\Users\eckert.105a\chemkin\PennStatePropane>set CHEMKIN_TITLE=CHEMKIN-PRO 

C:\Users\eckert.105a\chemkin\PennStatePropane>set CHEMKIN_RELEASE_NUMBER=Release 15083 (17-Apr-2009) 

C:\Users\eckert.105a\chemkin\PennStatePropane>set PATH=C:\Program Files (x86)\Reaction\chemkin15083_pc\bin;C:\Program Files (x86)\Reaction\chemkin15083_pc\bin;C:\Program Files (x86)\Common Files\Microsoft Shared\VSA\10.0\VsaEnv;C:\Program Files (x86)\Common Files\Intel\Shared Libraries\redist\intel64\mpirt;C:\Program Files (x86)\Common Files\Intel\Shared Libraries\redist\intel64\compiler;C:\Program Files (x86)\Common Files\Intel\Shared Libraries\redist\ia32\mpirt;C:\Program Files (x86)\Common Files\Intel\Shared Libraries\redist\ia32\compiler;"C:\Program Files (x86)\Intel\Composer XE 2015\bin\intel64";C:\Windows\system32;C:\Windows;C:\Windows\System32\Wbem;C:\Windows\System32\WindowsPowerShell\v1.0\;C:\Program Files\MATLAB\R2015a\bin;C:\Program Files\MATLAB\R2012a\runtime\win64;C:\Program Files\MATLAB\R2012a\bin;C:\PROGRA~2\ATT\Graphviz\bin;C:\PROGRA~2\ATT\Graphviz\bin;C:\Program Files (x86)\Common Files\Adobe\AGL;C:\Program Files (x86)\CMake\bin;C:\TEC80\BIN;C:\PROGRA~2\ATT\Graphviz\bin;C:\Program Files\Microsoft Windows Performance Toolkit\;C:\Program Files (x86)\Windows Kits\8.1\Windows Performance Toolkit\;c:\Program Files (x86)\Microsoft SQL Server\100\Tools\Binn\;c:\Program Files\Microsoft SQL Server\100\Tools\Binn\;c:\Program Files\Microsoft SQL Server\100\DTS\Binn\ 

C:\Users\eckert.105a\chemkin\PennStatePropane>if "xx" == "xx" goto done_userpath 

C:\Users\eckert.105a\chemkin\PennStatePropane>SET JAVA_ID=63557572 

C:\Users\eckert.105a\chemkin\PennStatePropane>REM DELETE ANY INTERMEDIATE FILES LEFTOVER FROM PREVIOUS RUN 

C:\Users\eckert.105a\chemkin\PennStatePropane>IF EXIST "C:\Users\eckert.105a\chemkin\PennStatePropane\XMLdata.zip" DEL /F /Q "C:\Users\eckert.105a\chemkin\PennStatePropane\XMLdata.zip" 

C:\Users\eckert.105a\chemkin\PennStatePropane>REM COPY FILES TO WORKING DIR 

C:\Users\eckert.105a\chemkin\PennStatePropane>COPY "C:\Program Files (x86)\Reaction\chemkin15083_pc\data\chemkindata.dtd" "C:\Users\eckert.105a\chemkin\PennStatePropane" 
        1 file(s) copied.

C:\Users\eckert.105a\chemkin\PennStatePropane>REM RUN THE JOB AND CAPTURE EXIT STATUS 

C:\Users\eckert.105a\chemkin\PennStatePropane>CKReactorPlasmaPSR -i "C:\Users\eckert.105a\chemkin\PennStatePropane\PennStatePropane.inp" -o "C:\Users\eckert.105a\chemkin\PennStatePropane\PennStatePropane.out" -m "PennStatePropane.out.mon" -c "C:\Users\eckert.105a\chemkin\PennStatePropane\PennStatePropane_gas.asc" 
This program requires FLEXLM version 10.1.3 (or higher) for both the Lmgrd and the Reaction license daemons.
Running GUI Mode

License CHEMKIN Checked In
License AURORA Checked In
License CHEMKIN_PRO Checked In
Licenses Released

C:\Users\eckert.105a\chemkin\PennStatePropane>exit 0 



